# JRE version: Java(TM) SE Runtime Environment (8.0_111-b14) (build 1.8.0_111-b14)
# Java VM: Java HotSpot(TM) 64-Bit Server VM (25.111-b14 mixed mode windows-amd64 compressed oops)
Heap:
 PSYoungGen      total 185344K, used 20481K [0x00000000d6e00000, 0x00000000e8980000, 0x0000000100000000)
  eden space 103424K, 14% used [0x00000000d6e00000,0x00000000d7cf0420,0x00000000dd300000)
  from space 81920K, 6% used [0x00000000e2480000,0x00000000e2990000,0x00000000e7480000)
  to   space 83456K, 0% used [0x00000000dd300000,0x00000000dd300000,0x00000000e2480000)
 ParOldGen       total 324096K, used 170842K [0x0000000084a00000, 0x0000000098680000, 0x00000000d6e00000)
  object space 324096K, 52% used [0x0000000084a00000,0x000000008f0d69c8,0x0000000098680000)
 Metaspace       used 7190K, capacity 7350K, committed 7552K, reserved 1056768K
  class space    used 742K, capacity 786K, committed 896K, reserved 1048576K
GC Heap History (10 events):
Event: 1.525 GC heap before
{Heap before GC invocations=4 (full 1):
 PSYoungGen      total 68608K, used 5090K [0x00000000d6e00000, 0x00000000df400000, 0x0000000100000000)
  eden space 63488K, 0% used [0x00000000d6e00000,0x00000000d6e00000,0x00000000dac00000)
  from space 5120K, 99% used [0x00000000dac00000,0x00000000db0f8b50,0x00000000db100000)
  to   space 5120K, 0% used [0x00000000def00000,0x00000000def00000,0x00000000df400000)
 ParOldGen       total 100864K, used 100711K [0x0000000084a00000, 0x000000008ac80000, 0x00000000d6e00000)
  object space 100864K, 99% used [0x0000000084a00000,0x000000008ac59d08,0x000000008ac80000)
 Metaspace       used 7039K, capacity 7126K, committed 7168K, reserved 1056768K
  class space    used 727K, capacity 754K, committed 768K, reserved 1048576K
Event: 2.285 GC heap after
Heap after GC invocations=4 (full 1):
 PSYoungGen      total 68608K, used 2808K [0x00000000d6e00000, 0x00000000df400000, 0x0000000100000000)
  eden space 63488K, 0% used [0x00000000d6e00000,0x00000000d6e00000,0x00000000dac00000)
  from space 5120K, 54% used [0x00000000dac00000,0x00000000daebe110,0x00000000db100000)
  to   space 5120K, 0% used [0x00000000def00000,0x00000000def00000,0x00000000df400000)
 ParOldGen       total 217600K, used 100733K [0x0000000084a00000, 0x0000000091e80000, 0x00000000d6e00000)
  object space 217600K, 46% used [0x0000000084a00000,0x000000008ac5f6d8,0x0000000091e80000)
 Metaspace       used 7039K, capacity 7126K, committed 7168K, reserved 1056768K
  class space    used 727K, capacity 754K, committed 768K, reserved 1048576K
}
Event: 2.488 GC heap before
{Heap before GC invocations=5 (full 1):
 PSYoungGen      total 68608K, used 66296K [0x00000000d6e00000, 0x00000000df400000, 0x0000000100000000)
  eden space 63488K, 100% used [0x00000000d6e00000,0x00000000dac00000,0x00000000dac00000)
  from space 5120K, 54% used [0x00000000dac00000,0x00000000daebe110,0x00000000db100000)
  to   space 5120K, 0% used [0x00000000def00000,0x00000000def00000,0x00000000df400000)
 ParOldGen       total 217600K, used 100733K [0x0000000084a00000, 0x0000000091e80000, 0x00000000d6e00000)
  object space 217600K, 46% used [0x0000000084a00000,0x000000008ac5f6d8,0x0000000091e80000)
 Metaspace       used 7039K, capacity 7126K, committed 7168K, reserved 1056768K
  class space    used 727K, capacity 754K, committed 768K, reserved 1048576K
Event: 2.617 GC heap after
Heap after GC invocations=5 (full 1):
 PSYoungGen      total 91136K, used 5117K [0x00000000d6e00000, 0x00000000df400000, 0x0000000100000000)
  eden space 86016K, 0% used [0x00000000d6e00000,0x00000000d6e00000,0x00000000dc200000)
  from space 5120K, 99% used [0x00000000def00000,0x00000000df3ff450,0x00000000df400000)
  to   space 5120K, 0% used [0x00000000dea00000,0x00000000dea00000,0x00000000def00000)
 ParOldGen       total 217600K, used 158269K [0x0000000084a00000, 0x0000000091e80000, 0x00000000d6e00000)
  object space 217600K, 72% used [0x0000000084a00000,0x000000008e48f710,0x0000000091e80000)
 Metaspace       used 7039K, capacity 7126K, committed 7168K, reserved 1056768K
  class space    used 727K, capacity 754K, committed 768K, reserved 1048576K
}
Event: 2.617 GC heap before
{Heap before GC invocations=6 (full 2):
 PSYoungGen      total 91136K, used 5117K [0x00000000d6e00000, 0x00000000df400000, 0x0000000100000000)
  eden space 86016K, 0% used [0x00000000d6e00000,0x00000000d6e00000,0x00000000dc200000)
  from space 5120K, 99% used [0x00000000def00000,0x00000000df3ff450,0x00000000df400000)
  to   space 5120K, 0% used [0x00000000dea00000,0x00000000dea00000,0x00000000def00000)
 ParOldGen       total 217600K, used 158269K [0x0000000084a00000, 0x0000000091e80000, 0x00000000d6e00000)
  object space 217600K, 72% used [0x0000000084a00000,0x000000008e48f710,0x0000000091e80000)
 Metaspace       used 7039K, capacity 7126K, committed 7168K, reserved 1056768K
  class space    used 727K, capacity 754K, committed 768K, reserved 1048576K
Event: 3.251 GC heap after
Heap after GC invocations=6 (full 2):
 PSYoungGen      total 91136K, used 0K [0x00000000d6e00000, 0x00000000df400000, 0x0000000100000000)
  eden space 86016K, 0% used [0x00000000d6e00000,0x00000000d6e00000,0x00000000dc200000)
  from space 5120K, 0% used [0x00000000def00000,0x00000000def00000,0x00000000df400000)
  to   space 5120K, 0% used [0x00000000dea00000,0x00000000dea00000,0x00000000def00000)
 ParOldGen       total 324096K, used 157523K [0x0000000084a00000, 0x0000000098680000, 0x00000000d6e00000)
  object space 324096K, 48% used [0x0000000084a00000,0x000000008e3d4fb8,0x0000000098680000)
 Metaspace       used 7039K, capacity 7126K, committed 7168K, reserved 1056768K
  class space    used 727K, capacity 754K, committed 768K, reserved 1048576K
}
Event: 6.847 GC heap before
{Heap before GC invocations=7 (full 2):
 PSYoungGen      total 91136K, used 86016K [0x00000000d6e00000, 0x00000000df400000, 0x0000000100000000)
  eden space 86016K, 100% used [0x00000000d6e00000,0x00000000dc200000,0x00000000dc200000)
  from space 5120K, 0% used [0x00000000def00000,0x00000000def00000,0x00000000df400000)
  to   space 5120K, 0% used [0x00000000dea00000,0x00000000dea00000,0x00000000def00000)
 ParOldGen       total 324096K, used 157523K [0x0000000084a00000, 0x0000000098680000, 0x00000000d6e00000)
  object space 324096K, 48% used [0x0000000084a00000,0x000000008e3d4fb8,0x0000000098680000)
 Metaspace       used 7185K, capacity 7286K, committed 7552K, reserved 1056768K
  class space    used 741K, capacity 786K, committed 896K, reserved 1048576K
Event: 6.890 GC heap after
Heap after GC invocations=7 (full 2):
 PSYoungGen      total 110080K, used 5120K [0x00000000d6e00000, 0x00000000e7480000, 0x0000000100000000)
  eden space 104960K, 0% used [0x00000000d6e00000,0x00000000d6e00000,0x00000000dd480000)
  from space 5120K, 100% used [0x00000000dea00000,0x00000000def00000,0x00000000def00000)
  to   space 81920K, 0% used [0x00000000e2480000,0x00000000e2480000,0x00000000e7480000)
 ParOldGen       total 324096K, used 170842K [0x0000000084a00000, 0x0000000098680000, 0x00000000d6e00000)
  object space 324096K, 52% used [0x0000000084a00000,0x000000008f0d69c8,0x0000000098680000)
 Metaspace       used 7185K, capacity 7286K, committed 7552K, reserved 1056768K
  class space    used 741K, capacity 786K, committed 896K, reserved 1048576K
}
Event: 12.389 GC heap before
{Heap before GC invocations=8 (full 2):
 PSYoungGen      total 110080K, used 110080K [0x00000000d6e00000, 0x00000000e7480000, 0x0000000100000000)
  eden space 104960K, 100% used [0x00000000d6e00000,0x00000000dd480000,0x00000000dd480000)
  from space 5120K, 100% used [0x00000000dea00000,0x00000000def00000,0x00000000def00000)
  to   space 81920K, 0% used [0x00000000e2480000,0x00000000e2480000,0x00000000e7480000)
 ParOldGen       total 324096K, used 170842K [0x0000000084a00000, 0x0000000098680000, 0x00000000d6e00000)
  object space 324096K, 52% used [0x0000000084a00000,0x000000008f0d69c8,0x0000000098680000)
 Metaspace       used 7186K, capacity 7286K, committed 7552K, reserved 1056768K
  class space    used 742K, capacity 786K, committed 896K, reserved 1048576K
Event: 12.401 GC heap after
Heap after GC invocations=8 (full 2):
 PSYoungGen      total 185344K, used 5184K [0x00000000d6e00000, 0x00000000e8980000, 0x0000000100000000)
  eden space 103424K, 0% used [0x00000000d6e00000,0x00000000d6e00000,0x00000000dd300000)
  from space 81920K, 6% used [0x00000000e2480000,0x00000000e2990000,0x00000000e7480000)
  to   space 83456K, 0% used [0x00000000dd300000,0x00000000dd300000,0x00000000e2480000)
 ParOldGen       total 324096K, used 170842K [0x0000000084a00000, 0x0000000098680000, 0x00000000d6e00000)
  object space 324096K, 52% used [0x0000000084a00000,0x000000008f0d69c8,0x0000000098680000)
 Metaspace       used 7186K, capacity 7286K, committed 7552K, reserved 1056768K
  class space    used 742K, capacity 786K, committed 896K, reserved 1048576K
}

